[1] "/lab-share/IM-Gutierrez-e2/Public/Dany/Calderon_ATAC/Counts-Matrix/Log2Normalized_RPKM_atac_pks_v2.txt...stored in: log_atac_pks. Reading time: 2.189minutes."
[1] "/lab-share/IM-Gutierrez-e2/Public/Marcos/Projects/AS/LMM_LDSC_seg/Balanced_Log2Normalized_summary.txt...stored in: atlas_summary. Reading time: 0.004minutes."
[1] "NKs"
[1] "Subset peaks: 414712"
                   X1001.Mature_NK.S X1002.Mature_NK.S X1003.Mature_NK.S
chr1_10045_10517            1.961091          2.900743          1.475855
chr1_237698_237812          2.609399          2.126254          2.712088
chr1_569577_570156          6.463773          7.919281          8.336303
chr1_713065_714329          4.416203          4.942177          4.805850
chr1_714464_714785          3.526677          3.254420          2.358376
chr1_714834_715260          1.543332          1.259604          1.407420
                   X1004.Mature_NK.S X1008.Mature_NK.S X1010.Mature_NK.S
chr1_10045_10517           2.1060119          1.589222         1.5531747
chr1_237698_237812         1.5747451          2.225046         1.5901609
chr1_569577_570156         7.2687625          7.546761         8.3363029
chr1_713065_714329         4.6798474          4.822588         4.2937327
chr1_714464_714785         3.2105178          3.201428         3.6516915
chr1_714834_715260         0.7875583          1.374130         0.7895825
                   X1001.Mature_NK.U X1003.Mature_NK.U X1004.Mature_NK.U
chr1_10045_10517            1.890375          2.927143          2.037759
chr1_237698_237812          2.406394          3.314698          2.666324
chr1_569577_570156          5.908604          7.146804          7.546761
chr1_713065_714329          4.226546          4.585963          4.674190
chr1_714464_714785          3.534856          3.226044          3.049417
chr1_714834_715260          1.154505          1.012977          1.343865
                   X1008.Mature_NK.U X1001.Memory_NK.U X1002.Memory_NK.U
chr1_10045_10517           2.1438755          2.072307          4.740175
chr1_237698_237812         1.3497721          2.561936          1.313319
chr1_569577_570156         7.7817498          6.017518          7.404569
chr1_713065_714329         4.8429642          4.239494          5.084519
chr1_714464_714785         4.1578117          3.865428          1.577913
chr1_714834_715260         0.6477276          1.569950          1.397823
                   X1003.Memory_NK.U X1004.Memory_NK.U X1008.Memory_NK.U
chr1_10045_10517           1.0948351          2.042982          2.756312
chr1_237698_237812         0.6083704          1.819944          2.696303
chr1_569577_570156         6.4485552          6.515459          7.146804
chr1_713065_714329         4.5486789          4.883521          4.893955
chr1_714464_714785         3.1981875          3.180828          3.223711
chr1_714834_715260         1.1422750          1.388243          0.667694
                   X1010.Memory_NK.U X1001.Immature_NK.U X1002.Immature_NK.U
chr1_10045_10517           2.1014150            1.565216            2.355814
chr1_237698_237812         0.9113184            2.787613            3.399509
chr1_569577_570156         8.0830656            5.662268            6.143871
chr1_713065_714329         4.7174902            4.553626            4.984338
chr1_714464_714785         3.4081723            4.137954            3.950949
chr1_714834_715260         1.2166347            1.812088            2.060031
                   X1003.Immature_NK.U X1004.Immature_NK.U X1008.Immature_NK.U
chr1_10045_10517              2.491209           1.1475403           2.4432030
chr1_237698_237812            2.271255           2.7091721           1.1458099
chr1_569577_570156            8.336303           7.4045692           7.7817498
chr1_713065_714329            4.465481           4.8169380           4.9463217
chr1_714464_714785            2.695954           3.3378915           4.3347540
chr1_714834_715260            1.755239           0.9589324           0.9714696
                   X1001.CD8pos_T.S X1002.CD8pos_T.S X1003.CD8pos_T.S
chr1_10045_10517           1.614205        1.6798989        1.3024473
chr1_237698_237812         3.126003        1.6175141        2.0944188
chr1_569577_570156         8.197359        7.6551384        8.1973588
chr1_713065_714329         3.770083        4.0898964        3.9419525
chr1_714464_714785         2.871003        3.2092466        2.7540389
chr1_714834_715260         1.087239        0.1077769        0.9452344
                   X1001.CD8pos_T.U X1002.CD8pos_T.U X1003.CD8pos_T.U
chr1_10045_10517           2.224269         2.939383        1.7855917
chr1_237698_237812         2.798782         2.215485        2.6408087
chr1_569577_570156         7.781750         7.546761        7.9192810
chr1_713065_714329         4.527528         4.567874        4.3780299
chr1_714464_714785         3.556773         2.501570        1.8387278
chr1_714834_715260         1.805072         1.209073        0.5695523
                   X1004.CD8pos_T.U X1001.Naive_Teffs.U X1002.Naive_Teffs.U
chr1_10045_10517           2.678881            1.803357            2.472513
chr1_237698_237812         3.043913            3.930598            2.404980
chr1_569577_570156         7.919281            8.818574            7.655138
chr1_713065_714329         4.926246            4.954564            5.040249
chr1_714464_714785         3.562229            3.587819            2.404980
chr1_714834_715260         3.044599            2.010640            1.631144
                   X1003.Naive_Teffs.U X1004.Naive_Teffs.U X1001.Memory_Teffs.U
chr1_10045_10517              2.008201            2.820105             2.226316
chr1_237698_237812            3.043062            1.071818             3.406205
chr1_569577_570156            7.919281            7.655138             7.919281
chr1_713065_714329            4.772698            5.180939             4.436786
chr1_714464_714785            2.884516            3.803951             3.685832
chr1_714834_715260            2.637234            1.942512             2.031958
                   X1002.Memory_Teffs.U X1003.Memory_Teffs.U
chr1_10045_10517              3.5298752             1.980434
chr1_237698_237812            2.8266115             2.742204
chr1_569577_570156            7.6551384             7.655138
chr1_713065_714329            4.9243112             4.686690
chr1_714464_714785            3.4278421             3.111021
chr1_714834_715260            0.9407759             2.069420
                   X1004.Memory_Teffs.U X1001.Bulk_B.U X1002.Bulk_B.U
chr1_10045_10517               1.696632       1.852030       2.175127
chr1_237698_237812             3.258692       3.127140       1.646723
chr1_569577_570156             8.083066       8.197359       7.655138
chr1_713065_714329             5.007112       4.885852       4.927891
chr1_714464_714785             3.601283       3.816959       2.068085
chr1_714834_715260             1.077662       1.810325       1.097621
                   X1003.Bulk_B.U X1004.Bulk_B.U X1001.Mem_B.U X1002.Mem_B.U
chr1_10045_10517        1.8223659       2.014174      1.761106      3.854164
chr1_237698_237812      3.2307990       3.187867      3.122504      2.186516
chr1_569577_570156      7.9192810       8.083066      7.781750      7.655138
chr1_713065_714329      4.6296943       5.189967      4.811951      4.873979
chr1_714464_714785      2.2865391       3.699703      3.689730      2.350158
chr1_714834_715260      0.6094953       1.305855      2.150035      1.006698
                   X1003.Mem_B.U X1004.Mem_B.U X1001.Naive_B.U X1002.Naive_B.U
chr1_10045_10517       0.7745961      1.047881        1.622939       2.2236999
chr1_237698_237812     3.1121498      1.337435        3.081575       2.3970566
chr1_569577_570156     8.0830656      7.919281        8.083066       7.6551384
chr1_713065_714329     4.5480056      5.136374        4.898057       5.0464947
chr1_714464_714785     2.7205759      3.726061        3.672043       3.1124065
chr1_714834_715260     0.5305670      1.138127        1.380674       0.6979938
                   X1003.Naive_B.U X1004.Naive_B.U X1001.Bulk_B.S
chr1_10045_10517          1.499982       1.9109565       1.891840
chr1_237698_237812        0.186676       0.9441079       3.187735
chr1_569577_570156        7.546761       7.6551384       7.070195
chr1_713065_714329        4.914405       4.8467376       4.545510
chr1_714464_714785        1.544785       3.4409059       3.559511
chr1_714834_715260        1.120648       1.8116088       1.264197
                   X1002.Bulk_B.S X1003.Bulk_B.S X1001.Monocytes.S
chr1_10045_10517         2.669695      2.0466352          1.773386
chr1_237698_237812       2.827064      2.9486653          4.726515
chr1_569577_570156       7.268762      7.6551384          7.070195
chr1_713065_714329       4.585594      4.4249039          4.903083
chr1_714464_714785       2.863321      2.6683091          2.102489
chr1_714834_715260       1.082801      0.6235315          0.790125
                   X1002.Monocytes.S X1003.Monocytes.S X1004.Monocytes.S
chr1_10045_10517           1.1668134         0.3696650         2.4686034
chr1_237698_237812         5.0363918         5.7582345         5.1771489
chr1_569577_570156         7.5467609         7.4045692         7.4045692
chr1_713065_714329         4.9720135         4.5635651         4.6092076
chr1_714464_714785         1.8688666         0.1809630         1.5402923
chr1_714834_715260         0.6685141         0.9369154         0.4455519
                   X1008.Monocytes.S X1010.Monocytes.S X1001.Monocytes.U
chr1_10045_10517           1.2152069         0.2423707          1.839550
chr1_237698_237812         4.9222233         4.3206472          4.691769
chr1_569577_570156         7.5467609         7.7817498          7.146804
chr1_713065_714329         4.8778003         4.7281389          4.645171
chr1_714464_714785         3.5323131         2.8562877          3.561953
chr1_714834_715260         0.6993761         0.4518458          1.342963
                   X1003.Monocytes.U X1004.Monocytes.U X1001.Myeloid_DCs.U
chr1_10045_10517            1.264818          1.785674            1.748333
chr1_237698_237812          4.858218          4.374755            2.601147
chr1_569577_570156          6.950307          7.404569            4.966334
chr1_713065_714329          4.633085          4.868655            4.266159
chr1_714464_714785          2.552525          2.850794            2.543578
chr1_714834_715260          1.349299          1.151686            1.779402
                   X1002.Myeloid_DCs.U X1008.Myeloid_DCs.U X1001.Plasmablasts.U
chr1_10045_10517              1.781175            2.273234             2.150685
chr1_237698_237812            2.781903            2.697465             4.063547
chr1_569577_570156            7.268762            7.781750             7.268762
chr1_713065_714329            3.936570            4.232087             4.634623
chr1_714464_714785            1.970261            2.869598             4.214061
chr1_714834_715260            1.503008            1.470834             1.941577
                   X1002.Plasmablasts.U X1010.Plasmablasts.U X1001.pDCs.U
chr1_10045_10517               2.471748             1.751602    1.9158390
chr1_237698_237812             4.759884             3.031818    0.5143421
chr1_569577_570156             7.655138             8.818574    8.8185744
chr1_713065_714329             4.807877             5.102102    3.3694097
chr1_714464_714785             4.737266             3.789009    2.4986017
chr1_714834_715260             2.153711             1.004679    1.8250027
                   X1002.pDCs.U X1008.pDCs.U
chr1_10045_10517       1.842478     3.156422
chr1_237698_237812     2.317009     3.505198
chr1_569577_570156     6.264415     7.781750
chr1_713065_714329     3.991203     4.587847
chr1_714464_714785     2.550985     4.252904
chr1_714834_715260     1.945380     1.237524
[1] "Writting down expressed peaks..."
